<?xml version="1.0" encoding="UTF-8"?>
<!-- Generated by org.testng.reporters.JUnitReportReporter -->
<testsuite skipped="0" hostname="DESKTOP-U4TDB48" name="com.msp.testscripts.AddtoWishlist" tests="1" failures="0" timestamp="15 Feb 2021 17:20:42 GMT" time="30.095" errors="0">
  <testcase name="Testcase2" time="30.095" classname="com.msp.testscripts.AddtoWishlist"/>
</testsuite> <!-- com.msp.testscripts.AddtoWishlist -->
