<?xml version="1.0" encoding="UTF-8"?>
<!-- Generated by org.testng.reporters.JUnitReportReporter -->
<testsuite skipped="0" hostname="DESKTOP-U4TDB48" name="com.msp.testscripts.clickonlogin" tests="1" failures="0" timestamp="14 Feb 2021 14:50:33 GMT" time="27.791" errors="0">
  <testcase name="Testcase1" time="27.791" classname="com.msp.testscripts.clickonlogin"/>
</testsuite> <!-- com.msp.testscripts.clickonlogin -->
