<?xml version="1.0" encoding="UTF-8"?>
<!-- Generated by org.testng.reporters.JUnitReportReporter -->
<testsuite skipped="0" hostname="DESKTOP-U4TDB48" name="com.msp.testscripts.AddtoCart2" tests="1" failures="0" timestamp="15 Feb 2021 07:24:00 GMT" time="21.771" errors="0">
  <testcase name="Testcase2" time="21.771" classname="com.msp.testscripts.AddtoCart2"/>
</testsuite> <!-- com.msp.testscripts.AddtoCart2 -->
