<?xml version="1.0" encoding="UTF-8"?>
<!-- Generated by org.testng.reporters.JUnitReportReporter -->
<testsuite skipped="0" hostname="DESKTOP-U4TDB48" name="com.msp.testscripts.AddtoCart" tests="1" failures="0" timestamp="15 Feb 2021 06:54:55 GMT" time="23.868" errors="0">
  <testcase name="Testcase1" time="23.868" classname="com.msp.testscripts.AddtoCart"/>
</testsuite> <!-- com.msp.testscripts.AddtoCart -->
